2024-11-13 03:11:18 - INFO- Initialized
2024-11-13 03:11:18 - INFO- Starting server
2024-11-13 03:11:24 - INFO- Recieved image from client.
2024-11-13 03:11:24 - INFO- Image Dehazed in 0.45466136932373047 seconds. Sending now
2024-11-13 03:11:30 - INFO- Recieved image from client.
2024-11-13 03:11:31 - INFO- Image Dehazed in 0.34853386878967285 seconds. Sending now
2024-11-13 03:11:31 - INFO- Recieved image from client.
2024-11-13 03:11:32 - INFO- Image Dehazed in 0.4308128356933594 seconds. Sending now
2024-11-13 03:11:32 - INFO- Recieved image from client.
2024-11-13 03:11:32 - INFO- Image Dehazed in 0.36739373207092285 seconds. Sending now
2024-11-13 03:11:32 - INFO- Recieved image from client.
2024-11-13 03:11:33 - INFO- Image Dehazed in 0.34340333938598633 seconds. Sending now
2024-11-13 03:11:34 - INFO- Recieved image from client.
2024-11-13 03:11:34 - INFO- Image Dehazed in 0.33939671516418457 seconds. Sending now
2024-11-13 03:11:34 - INFO- Recieved image from client.
2024-11-13 03:11:34 - INFO- Image Dehazed in 0.3422551155090332 seconds. Sending now
2024-11-13 03:11:35 - INFO- Recieved image from client.
2024-11-13 03:11:35 - INFO- Image Dehazed in 0.3178567886352539 seconds. Sending now
2024-11-13 03:11:35 - INFO- Recieved image from client.
2024-11-13 03:11:35 - INFO- Image Dehazed in 0.31696319580078125 seconds. Sending now
2024-11-13 03:11:36 - INFO- Recieved image from client.
2024-11-13 03:11:36 - INFO- Image Dehazed in 0.3281378746032715 seconds. Sending now
2024-11-13 03:11:36 - INFO- Recieved image from client.
2024-11-13 03:11:36 - INFO- Image Dehazed in 0.3017148971557617 seconds. Sending now
2024-11-13 03:11:37 - INFO- Recieved image from client.
2024-11-13 03:11:38 - INFO- Image Dehazed in 0.30674004554748535 seconds. Sending now
2024-11-13 03:11:38 - INFO- Recieved image from client.
2024-11-13 03:11:38 - INFO- Image Dehazed in 0.3216845989227295 seconds. Sending now
2024-11-13 03:11:38 - INFO- Recieved image from client.
2024-11-13 03:11:38 - INFO- Image Dehazed in 0.3082406520843506 seconds. Sending now
2024-11-13 03:11:39 - INFO- Recieved image from client.
2024-11-13 03:11:39 - INFO- Image Dehazed in 0.30384373664855957 seconds. Sending now
2024-11-13 03:11:39 - INFO- Recieved image from client.
2024-11-13 03:11:39 - INFO- Image Dehazed in 0.30584096908569336 seconds. Sending now
2024-11-13 03:11:40 - INFO- Recieved image from client.
2024-11-13 03:11:40 - INFO- Image Dehazed in 0.30689096450805664 seconds. Sending now
2024-11-13 03:11:40 - INFO- Recieved image from client.
2024-11-13 03:11:40 - INFO- Image Dehazed in 0.34034204483032227 seconds. Sending now
2024-11-13 03:11:41 - INFO- Recieved image from client.
2024-11-13 03:11:41 - INFO- Image Dehazed in 0.30167675018310547 seconds. Sending now
2024-11-13 03:11:42 - INFO- Recieved image from client.
2024-11-13 03:11:42 - INFO- Image Dehazed in 0.34155869483947754 seconds. Sending now
2024-11-13 03:11:42 - INFO- Recieved image from client.
2024-11-13 03:11:43 - INFO- Image Dehazed in 0.34340834617614746 seconds. Sending now
2024-11-13 03:11:43 - INFO- Recieved image from client.
2024-11-13 03:11:43 - INFO- Image Dehazed in 0.34430932998657227 seconds. Sending now
2024-11-13 03:11:43 - INFO- Recieved image from client.
2024-11-13 03:11:44 - INFO- Image Dehazed in 0.3576393127441406 seconds. Sending now
2024-11-13 03:11:44 - INFO- Recieved image from client.
2024-11-13 03:11:44 - INFO- Image Dehazed in 0.3301577568054199 seconds. Sending now
2024-11-13 03:11:45 - INFO- Recieved image from client.
2024-11-13 03:11:46 - INFO- Image Dehazed in 0.35147953033447266 seconds. Sending now
2024-11-13 03:11:46 - INFO- Recieved image from client.
2024-11-13 03:11:46 - INFO- Image Dehazed in 0.30048346519470215 seconds. Sending now
2024-11-13 03:11:46 - INFO- Recieved image from client.
2024-11-13 03:11:47 - INFO- Image Dehazed in 0.3130829334259033 seconds. Sending now
2024-11-13 03:11:47 - INFO- Recieved image from client.
2024-11-13 03:11:47 - INFO- Image Dehazed in 0.30516839027404785 seconds. Sending now
2024-11-13 03:11:47 - INFO- Recieved image from client.
2024-11-13 03:11:48 - INFO- Image Dehazed in 0.30582594871520996 seconds. Sending now
2024-11-13 03:11:48 - INFO- Recieved image from client.
2024-11-13 03:11:48 - INFO- Image Dehazed in 0.3084125518798828 seconds. Sending now
2024-11-13 03:11:48 - INFO- Recieved image from client.
2024-11-13 03:11:49 - INFO- Image Dehazed in 0.33651065826416016 seconds. Sending now
2024-11-13 03:11:49 - INFO- Recieved image from client.
2024-11-13 03:11:49 - INFO- Image Dehazed in 0.29949498176574707 seconds. Sending now
2024-11-13 03:11:49 - INFO- Recieved image from client.
2024-11-13 03:11:50 - INFO- Image Dehazed in 0.3049049377441406 seconds. Sending now
2024-11-13 03:11:50 - INFO- Recieved image from client.
2024-11-13 03:11:50 - INFO- Image Dehazed in 0.305311918258667 seconds. Sending now
2024-11-13 03:11:51 - INFO- Recieved image from client.
2024-11-13 03:11:51 - INFO- Image Dehazed in 0.32674670219421387 seconds. Sending now
2024-11-13 03:11:52 - INFO- Recieved image from client.
2024-11-13 03:11:52 - INFO- Image Dehazed in 0.3016822338104248 seconds. Sending now
2024-11-13 03:11:52 - INFO- Recieved image from client.
2024-11-13 03:11:52 - INFO- Image Dehazed in 0.3047819137573242 seconds. Sending now
2024-11-13 03:11:53 - INFO- Recieved image from client.
2024-11-13 03:11:53 - INFO- Image Dehazed in 0.3198840618133545 seconds. Sending now
2024-11-13 03:11:53 - INFO- Recieved image from client.
2024-11-13 03:11:53 - INFO- Image Dehazed in 0.3107643127441406 seconds. Sending now
2024-11-13 03:11:54 - INFO- Recieved image from client.
2024-11-13 03:11:55 - INFO- Image Dehazed in 0.32515573501586914 seconds. Sending now
2024-11-13 03:11:55 - INFO- Recieved image from client.
2024-11-13 03:11:55 - INFO- Image Dehazed in 0.30241823196411133 seconds. Sending now
2024-11-13 03:11:56 - INFO- Recieved image from client.
2024-11-13 03:11:57 - INFO- Image Dehazed in 0.3240060806274414 seconds. Sending now
2024-11-13 03:11:57 - INFO- Recieved image from client.
2024-11-13 03:11:57 - INFO- Image Dehazed in 0.3268241882324219 seconds. Sending now
2024-11-13 03:11:58 - INFO- Recieved image from client.
2024-11-13 03:11:58 - INFO- Image Dehazed in 0.3173806667327881 seconds. Sending now
2024-11-13 03:11:58 - INFO- Recieved image from client.
2024-11-13 03:11:59 - INFO- Image Dehazed in 0.30611562728881836 seconds. Sending now
2024-11-13 03:11:59 - INFO- Recieved image from client.
2024-11-13 03:11:59 - INFO- Image Dehazed in 0.3258688449859619 seconds. Sending now
2024-11-13 03:11:59 - INFO- Recieved image from client.
2024-11-13 03:12:00 - INFO- Image Dehazed in 0.36138105392456055 seconds. Sending now
2024-11-13 03:12:00 - INFO- Recieved image from client.
2024-11-13 03:12:01 - INFO- Image Dehazed in 0.32999467849731445 seconds. Sending now
2024-11-13 03:12:01 - INFO- Recieved image from client.
2024-11-13 03:12:01 - INFO- Image Dehazed in 0.34788060188293457 seconds. Sending now
2024-11-13 03:12:01 - INFO- Recieved image from client.
2024-11-13 03:12:02 - INFO- Image Dehazed in 0.4263341426849365 seconds. Sending now
2024-11-13 03:12:02 - INFO- Recieved image from client.
2024-11-13 03:12:02 - INFO- Image Dehazed in 0.37190842628479004 seconds. Sending now
2024-11-13 03:12:03 - INFO- Recieved image from client.
2024-11-13 03:12:03 - INFO- Image Dehazed in 0.32370615005493164 seconds. Sending now
2024-11-13 03:12:03 - INFO- Recieved image from client.
2024-11-13 03:12:03 - INFO- Image Dehazed in 0.38602375984191895 seconds. Sending now
2024-11-13 03:12:04 - INFO- Recieved image from client.
2024-11-13 03:12:04 - INFO- Image Dehazed in 0.35982298851013184 seconds. Sending now
2024-11-13 03:12:04 - INFO- Recieved image from client.
2024-11-13 03:12:04 - INFO- Image Dehazed in 0.3304257392883301 seconds. Sending now
2024-11-13 03:12:06 - INFO- Recieved image from client.
2024-11-13 03:12:06 - INFO- Image Dehazed in 0.31806159019470215 seconds. Sending now
2024-11-13 03:12:06 - INFO- Recieved image from client.
2024-11-13 03:12:06 - INFO- Image Dehazed in 0.3422083854675293 seconds. Sending now
2024-11-13 03:12:07 - INFO- Recieved image from client.
2024-11-13 03:12:07 - INFO- Image Dehazed in 0.3066096305847168 seconds. Sending now
2024-11-13 03:12:07 - INFO- Recieved image from client.
2024-11-13 03:12:07 - INFO- Image Dehazed in 0.31304287910461426 seconds. Sending now
2024-11-13 03:12:07 - INFO- Recieved image from client.
2024-11-13 03:12:08 - INFO- Image Dehazed in 0.40535497665405273 seconds. Sending now
2024-11-13 03:12:08 - INFO- Recieved image from client.
2024-11-13 03:12:08 - INFO- Image Dehazed in 0.34809064865112305 seconds. Sending now
2024-11-13 03:12:09 - INFO- Recieved image from client.
2024-11-13 03:12:10 - INFO- Image Dehazed in 0.31389474868774414 seconds. Sending now
2024-11-13 03:12:10 - INFO- Recieved image from client.
2024-11-13 03:12:10 - INFO- Image Dehazed in 0.34155964851379395 seconds. Sending now
2024-11-13 03:12:11 - INFO- Recieved image from client.
2024-11-13 03:12:12 - INFO- Image Dehazed in 0.3208272457122803 seconds. Sending now
2024-11-13 03:12:12 - INFO- Recieved image from client.
2024-11-13 03:12:12 - INFO- Image Dehazed in 0.3294651508331299 seconds. Sending now
2024-11-13 03:12:12 - INFO- Recieved image from client.
2024-11-13 03:12:13 - INFO- Image Dehazed in 0.31206417083740234 seconds. Sending now
2024-11-13 03:12:13 - INFO- Recieved image from client.
2024-11-13 03:12:13 - INFO- Image Dehazed in 0.3110990524291992 seconds. Sending now
2024-11-13 03:12:13 - INFO- Recieved image from client.
2024-11-13 03:12:14 - INFO- Image Dehazed in 0.31732749938964844 seconds. Sending now
2024-11-13 03:12:14 - INFO- Recieved image from client.
2024-11-13 03:12:14 - INFO- Image Dehazed in 0.3279242515563965 seconds. Sending now
2024-11-13 03:12:15 - INFO- Recieved image from client.
2024-11-13 03:12:15 - INFO- Image Dehazed in 0.3187859058380127 seconds. Sending now
2024-11-13 03:12:16 - INFO- Recieved image from client.
2024-11-13 03:12:16 - INFO- Image Dehazed in 0.31462740898132324 seconds. Sending now
2024-11-13 03:12:16 - INFO- Recieved image from client.
2024-11-13 03:12:16 - INFO- Image Dehazed in 0.31221556663513184 seconds. Sending now
2024-11-13 03:12:17 - INFO- Recieved image from client.
2024-11-13 03:12:17 - INFO- Image Dehazed in 0.3130199909210205 seconds. Sending now
2024-11-13 03:12:18 - INFO- Recieved image from client.
2024-11-13 03:12:18 - INFO- Image Dehazed in 0.32158446311950684 seconds. Sending now
2024-11-13 03:12:18 - INFO- Recieved image from client.
2024-11-13 03:12:19 - INFO- Image Dehazed in 0.31858134269714355 seconds. Sending now
2024-11-13 03:12:19 - INFO- Recieved image from client.
2024-11-13 03:12:19 - INFO- Image Dehazed in 0.3182954788208008 seconds. Sending now
2024-11-13 03:12:19 - INFO- Recieved image from client.
2024-11-13 03:12:20 - INFO- Image Dehazed in 0.3185131549835205 seconds. Sending now
2024-11-13 03:12:20 - INFO- Recieved image from client.
2024-11-13 03:12:20 - INFO- Image Dehazed in 0.3128058910369873 seconds. Sending now
2024-11-13 03:12:20 - INFO- Recieved image from client.
2024-11-13 03:12:21 - INFO- Image Dehazed in 0.31462764739990234 seconds. Sending now
2024-11-13 03:12:22 - INFO- Recieved image from client.
2024-11-13 03:12:22 - INFO- Image Dehazed in 0.32109594345092773 seconds. Sending now
2024-11-13 03:12:22 - INFO- Recieved image from client.
2024-11-13 03:12:23 - INFO- Image Dehazed in 0.31494855880737305 seconds. Sending now
2024-11-13 03:12:24 - INFO- Recieved image from client.
2024-11-13 03:12:24 - INFO- Image Dehazed in 0.32068800926208496 seconds. Sending now
2024-11-13 03:12:24 - INFO- Recieved image from client.
2024-11-13 03:12:24 - INFO- Image Dehazed in 0.31154394149780273 seconds. Sending now
2024-11-13 03:12:26 - INFO- Recieved image from client.
2024-11-13 03:12:26 - INFO- Image Dehazed in 0.32322239875793457 seconds. Sending now
2024-11-13 03:12:26 - INFO- Recieved image from client.
2024-11-13 03:12:26 - INFO- Image Dehazed in 0.31311964988708496 seconds. Sending now
2024-11-13 03:12:27 - INFO- Recieved image from client.
2024-11-13 03:12:28 - INFO- Image Dehazed in 0.336622953414917 seconds. Sending now
2024-11-13 03:12:28 - INFO- Recieved image from client.
2024-11-13 03:12:28 - INFO- Image Dehazed in 0.3152427673339844 seconds. Sending now
2024-11-13 03:12:28 - INFO- Recieved image from client.
2024-11-13 03:12:29 - INFO- Image Dehazed in 0.3238334655761719 seconds. Sending now
2024-11-13 03:12:29 - INFO- Recieved image from client.
2024-11-13 03:12:29 - INFO- Image Dehazed in 0.32071781158447266 seconds. Sending now
2024-11-13 03:12:29 - INFO- Recieved image from client.
2024-11-13 03:12:30 - INFO- Image Dehazed in 0.31763482093811035 seconds. Sending now
2024-11-13 03:12:30 - INFO- Recieved image from client.
2024-11-13 03:12:30 - INFO- Image Dehazed in 0.31752681732177734 seconds. Sending now
2024-11-13 03:12:31 - INFO- Recieved image from client.
2024-11-13 03:12:32 - INFO- Image Dehazed in 0.32169103622436523 seconds. Sending now
2024-11-13 03:12:32 - INFO- Recieved image from client.
2024-11-13 03:12:32 - INFO- Image Dehazed in 0.3156116008758545 seconds. Sending now
2024-11-13 03:12:33 - INFO- Recieved image from client.
2024-11-13 03:12:33 - INFO- Image Dehazed in 0.32535815238952637 seconds. Sending now
2024-11-13 03:12:33 - INFO- Recieved image from client.
2024-11-13 03:12:34 - INFO- Image Dehazed in 0.313732385635376 seconds. Sending now
2024-11-13 03:12:34 - INFO- Recieved image from client.
2024-11-13 03:12:34 - INFO- Image Dehazed in 0.3737297058105469 seconds. Sending now
2024-11-13 03:12:34 - INFO- Recieved image from client.
2024-11-13 03:12:35 - INFO- Image Dehazed in 0.3147013187408447 seconds. Sending now
2024-11-13 03:12:35 - INFO- Recieved image from client.
2024-11-13 03:12:35 - INFO- Image Dehazed in 0.3234553337097168 seconds. Sending now
2024-11-13 03:12:36 - INFO- Recieved image from client.
2024-11-13 03:12:36 - INFO- Image Dehazed in 0.32050204277038574 seconds. Sending now
2024-11-13 03:12:37 - INFO- Recieved image from client.
2024-11-13 03:12:37 - INFO- Image Dehazed in 0.3642098903656006 seconds. Sending now
2024-11-13 03:12:37 - INFO- Recieved image from client.
2024-11-13 03:12:38 - INFO- Image Dehazed in 0.35680127143859863 seconds. Sending now
2024-11-13 03:12:39 - INFO- Recieved image from client.
2024-11-13 03:12:39 - INFO- Image Dehazed in 0.4006533622741699 seconds. Sending now
2024-11-13 03:12:39 - INFO- Recieved image from client.
2024-11-13 03:12:40 - INFO- Image Dehazed in 0.32146668434143066 seconds. Sending now
2024-11-13 03:12:40 - INFO- Recieved image from client.
2024-11-13 03:12:40 - INFO- Image Dehazed in 0.3204379081726074 seconds. Sending now
2024-11-13 03:12:40 - INFO- Recieved image from client.
2024-11-13 03:12:41 - INFO- Image Dehazed in 0.3174457550048828 seconds. Sending now
2024-11-13 03:12:41 - INFO- Recieved image from client.
2024-11-13 03:12:41 - INFO- Image Dehazed in 0.3227088451385498 seconds. Sending now
2024-11-13 03:12:41 - INFO- Recieved image from client.
2024-11-13 03:12:42 - INFO- Image Dehazed in 0.31888723373413086 seconds. Sending now
2024-11-13 03:12:43 - INFO- Recieved image from client.
2024-11-13 03:12:43 - INFO- Image Dehazed in 0.3217198848724365 seconds. Sending now
2024-11-13 03:12:43 - INFO- Recieved image from client.
2024-11-13 03:12:44 - INFO- Image Dehazed in 0.3208901882171631 seconds. Sending now
2024-11-13 03:12:44 - INFO- Recieved image from client.
2024-11-13 03:12:44 - INFO- Image Dehazed in 0.3370964527130127 seconds. Sending now
2024-11-13 03:12:44 - INFO- Recieved image from client.
2024-11-13 03:12:45 - INFO- Image Dehazed in 0.38356637954711914 seconds. Sending now
2024-11-13 03:12:45 - INFO- Recieved image from client.
2024-11-13 03:12:45 - INFO- Image Dehazed in 0.32137036323547363 seconds. Sending now
2024-11-13 03:12:45 - INFO- Recieved image from client.
2024-11-13 03:12:46 - INFO- Image Dehazed in 0.3199338912963867 seconds. Sending now
2024-11-13 03:12:46 - INFO- Recieved image from client.
2024-11-13 03:12:46 - INFO- Image Dehazed in 0.34314751625061035 seconds. Sending now
2024-11-13 03:12:46 - INFO- Recieved image from client.
2024-11-13 03:12:47 - INFO- Image Dehazed in 0.3215041160583496 seconds. Sending now
2024-11-13 03:12:47 - INFO- Recieved image from client.
2024-11-13 03:12:47 - INFO- Image Dehazed in 0.3101205825805664 seconds. Sending now
2024-11-13 03:12:47 - INFO- Recieved image from client.
2024-11-13 03:12:48 - INFO- Image Dehazed in 0.31586480140686035 seconds. Sending now
2024-11-13 03:12:48 - INFO- Recieved image from client.
2024-11-13 03:12:48 - INFO- Image Dehazed in 0.3265988826751709 seconds. Sending now
2024-11-13 03:12:48 - INFO- Recieved image from client.
2024-11-13 03:12:49 - INFO- Image Dehazed in 0.31717967987060547 seconds. Sending now
2024-11-13 03:12:49 - INFO- Recieved image from client.
2024-11-13 03:12:49 - INFO- Image Dehazed in 0.32354187965393066 seconds. Sending now
2024-11-13 03:12:49 - INFO- Recieved image from client.
2024-11-13 03:12:50 - INFO- Image Dehazed in 0.31593942642211914 seconds. Sending now
2024-11-13 03:12:50 - INFO- Recieved image from client.
2024-11-13 03:12:50 - INFO- Image Dehazed in 0.31859326362609863 seconds. Sending now
2024-11-13 03:12:51 - INFO- Recieved image from client.
2024-11-13 03:12:51 - INFO- Image Dehazed in 0.32009172439575195 seconds. Sending now
2024-11-13 03:12:51 - INFO- Recieved image from client.
2024-11-13 03:12:52 - INFO- Image Dehazed in 0.32170653343200684 seconds. Sending now
2024-11-13 03:12:52 - INFO- Recieved image from client.
2024-11-13 03:12:52 - INFO- Image Dehazed in 0.32337021827697754 seconds. Sending now
2024-11-13 03:12:52 - INFO- Recieved image from client.
2024-11-13 03:12:53 - INFO- Image Dehazed in 0.32140684127807617 seconds. Sending now
2024-11-13 03:12:53 - INFO- Recieved image from client.
2024-11-13 03:12:53 - INFO- Image Dehazed in 0.3172883987426758 seconds. Sending now
2024-11-13 03:12:53 - INFO- Recieved image from client.
2024-11-13 03:12:54 - INFO- Image Dehazed in 0.3227369785308838 seconds. Sending now
2024-11-13 03:12:54 - INFO- Recieved image from client.
2024-11-13 03:12:54 - INFO- Image Dehazed in 0.3199737071990967 seconds. Sending now
2024-11-13 03:12:55 - INFO- Recieved image from client.
2024-11-13 03:12:56 - INFO- Image Dehazed in 0.3278779983520508 seconds. Sending now
2024-11-13 03:12:56 - INFO- Recieved image from client.
2024-11-13 03:12:56 - INFO- Image Dehazed in 0.3150923252105713 seconds. Sending now
2024-11-13 03:12:56 - INFO- Recieved image from client.
2024-11-13 03:12:57 - INFO- Image Dehazed in 0.32866764068603516 seconds. Sending now
2024-11-13 03:12:57 - INFO- Recieved image from client.
2024-11-13 03:12:57 - INFO- Image Dehazed in 0.3243410587310791 seconds. Sending now
2024-11-13 03:12:57 - INFO- Recieved image from client.
2024-11-13 03:12:58 - INFO- Image Dehazed in 0.32211732864379883 seconds. Sending now
2024-11-13 03:12:58 - INFO- Recieved image from client.
2024-11-13 03:12:58 - INFO- Image Dehazed in 0.32032132148742676 seconds. Sending now
2024-11-13 03:12:58 - INFO- Recieved image from client.
2024-11-13 03:12:59 - INFO- Image Dehazed in 0.3250732421875 seconds. Sending now
2024-11-13 03:12:59 - INFO- Recieved image from client.
2024-11-13 03:12:59 - INFO- Image Dehazed in 0.32672953605651855 seconds. Sending now
2024-11-13 03:13:00 - INFO- Recieved image from client.
2024-11-13 03:13:00 - INFO- Image Dehazed in 0.4092726707458496 seconds. Sending now
2024-11-13 03:13:00 - INFO- Recieved image from client.
2024-11-13 03:13:00 - INFO- Image Dehazed in 0.32947468757629395 seconds. Sending now
2024-11-13 03:13:01 - INFO- Recieved image from client.
2024-11-13 03:13:02 - INFO- Image Dehazed in 0.33086538314819336 seconds. Sending now
2024-11-13 03:13:02 - INFO- Recieved image from client.
2024-11-13 03:13:02 - INFO- Image Dehazed in 0.3219320774078369 seconds. Sending now
2024-11-13 03:13:02 - INFO- Recieved image from client.
2024-11-13 03:13:03 - INFO- Image Dehazed in 0.3466763496398926 seconds. Sending now
2024-11-13 03:13:03 - INFO- Recieved image from client.
2024-11-13 03:13:03 - INFO- Image Dehazed in 0.32120180130004883 seconds. Sending now
2024-11-13 03:13:03 - INFO- Recieved image from client.
2024-11-13 03:13:04 - INFO- Image Dehazed in 0.34122657775878906 seconds. Sending now
2024-11-13 03:13:04 - INFO- Recieved image from client.
2024-11-13 03:13:04 - INFO- Image Dehazed in 0.32488465309143066 seconds. Sending now
2024-11-13 03:13:05 - INFO- Recieved image from client.
2024-11-13 03:13:06 - INFO- Image Dehazed in 0.33826327323913574 seconds. Sending now
2024-11-13 03:13:06 - INFO- Recieved image from client.
2024-11-13 03:13:06 - INFO- Image Dehazed in 0.40938878059387207 seconds. Sending now
2024-11-13 03:13:06 - INFO- Recieved image from client.
2024-11-13 03:13:07 - INFO- Image Dehazed in 0.33791613578796387 seconds. Sending now
2024-11-13 03:13:07 - INFO- Recieved image from client.
2024-11-13 03:13:07 - INFO- Image Dehazed in 0.3281283378601074 seconds. Sending now
2024-11-13 03:13:08 - INFO- Recieved image from client.
2024-11-13 03:13:09 - INFO- Image Dehazed in 0.33014440536499023 seconds. Sending now
2024-11-13 03:13:09 - INFO- Recieved image from client.
2024-11-13 03:13:09 - INFO- Image Dehazed in 0.3225259780883789 seconds. Sending now
2024-11-13 03:13:09 - INFO- Recieved image from client.
2024-11-13 03:13:10 - INFO- Image Dehazed in 0.32733941078186035 seconds. Sending now
2024-11-13 03:13:10 - INFO- Recieved image from client.
2024-11-13 03:13:10 - INFO- Image Dehazed in 0.3173677921295166 seconds. Sending now
2024-11-13 03:13:11 - INFO- Recieved image from client.
2024-11-13 03:13:11 - INFO- Image Dehazed in 0.3251981735229492 seconds. Sending now
2024-11-13 03:13:12 - INFO- Recieved image from client.
2024-11-13 03:13:12 - INFO- Image Dehazed in 0.3197367191314697 seconds. Sending now
2024-11-13 03:13:13 - INFO- Recieved image from client.
2024-11-13 03:13:13 - INFO- Image Dehazed in 0.3385190963745117 seconds. Sending now
2024-11-13 03:13:13 - INFO- Recieved image from client.
2024-11-13 03:13:14 - INFO- Image Dehazed in 0.32974934577941895 seconds. Sending now
2024-11-13 03:13:15 - INFO- Recieved image from client.
2024-11-13 03:13:15 - INFO- Image Dehazed in 0.3323359489440918 seconds. Sending now
2024-11-13 03:13:15 - INFO- Recieved image from client.
2024-11-13 03:13:16 - INFO- Image Dehazed in 0.34732794761657715 seconds. Sending now
2024-11-13 03:13:17 - INFO- Recieved image from client.
2024-11-13 03:13:17 - INFO- Image Dehazed in 0.4172804355621338 seconds. Sending now
2024-11-13 03:13:17 - INFO- Recieved image from client.
2024-11-13 03:13:18 - INFO- Image Dehazed in 0.3819003105163574 seconds. Sending now
2024-11-13 03:13:18 - INFO- Recieved image from client.
2024-11-13 03:13:18 - INFO- Image Dehazed in 0.3625974655151367 seconds. Sending now
2024-11-13 03:13:18 - INFO- Recieved image from client.
2024-11-13 03:13:19 - INFO- Image Dehazed in 0.3717656135559082 seconds. Sending now
2024-11-13 03:13:19 - INFO- Recieved image from client.
2024-11-13 03:13:19 - INFO- Image Dehazed in 0.38828563690185547 seconds. Sending now
2024-11-13 03:13:20 - INFO- Recieved image from client.
2024-11-13 03:13:20 - INFO- Image Dehazed in 0.3437016010284424 seconds. Sending now
2024-11-13 03:13:20 - INFO- Recieved image from client.
2024-11-13 03:13:21 - INFO- Image Dehazed in 0.329819917678833 seconds. Sending now
2024-11-13 03:13:21 - INFO- Recieved image from client.
2024-11-13 03:13:21 - INFO- Image Dehazed in 0.3401305675506592 seconds. Sending now
2024-11-13 03:13:22 - INFO- Recieved image from client.
2024-11-13 03:13:22 - INFO- Image Dehazed in 0.3265516757965088 seconds. Sending now
2024-11-13 03:13:22 - INFO- Recieved image from client.
2024-11-13 03:13:23 - INFO- Image Dehazed in 0.34797143936157227 seconds. Sending now
2024-11-13 03:13:23 - INFO- Recieved image from client.
2024-11-13 03:13:23 - INFO- Image Dehazed in 0.32492637634277344 seconds. Sending now
2024-11-13 03:13:23 - INFO- Recieved image from client.
2024-11-13 03:13:24 - INFO- Image Dehazed in 0.32671117782592773 seconds. Sending now
2024-11-13 03:13:24 - INFO- Recieved image from client.
2024-11-13 03:13:24 - INFO- Image Dehazed in 0.3235626220703125 seconds. Sending now
2024-11-13 03:13:25 - INFO- Recieved image from client.
2024-11-13 03:13:25 - INFO- Image Dehazed in 0.3264284133911133 seconds. Sending now
2024-11-13 03:13:26 - INFO- Recieved image from client.
2024-11-13 03:13:26 - INFO- Image Dehazed in 0.33563876152038574 seconds. Sending now
2024-11-13 03:13:26 - INFO- Recieved image from client.
2024-11-13 03:13:27 - INFO- Image Dehazed in 0.3237323760986328 seconds. Sending now
2024-11-13 03:13:28 - INFO- Recieved image from client.
2024-11-13 03:13:28 - INFO- Image Dehazed in 0.329697847366333 seconds. Sending now
2024-11-13 03:13:28 - INFO- Recieved image from client.
2024-11-13 03:13:29 - INFO- Image Dehazed in 0.32207441329956055 seconds. Sending now
2024-11-13 03:13:30 - INFO- Recieved image from client.
2024-11-13 03:13:30 - INFO- Image Dehazed in 0.32389283180236816 seconds. Sending now
2024-11-13 03:13:30 - INFO- Recieved image from client.
2024-11-13 03:13:30 - INFO- Image Dehazed in 0.3229687213897705 seconds. Sending now
2024-11-13 03:13:31 - INFO- Recieved image from client.
2024-11-13 03:13:31 - INFO- Image Dehazed in 0.32257509231567383 seconds. Sending now
2024-11-13 03:13:31 - INFO- Recieved image from client.
2024-11-13 03:13:32 - INFO- Image Dehazed in 0.32091641426086426 seconds. Sending now
2024-11-13 03:13:33 - INFO- Recieved image from client.
2024-11-13 03:13:33 - INFO- Image Dehazed in 0.33023500442504883 seconds. Sending now
2024-11-13 03:13:33 - INFO- Recieved image from client.
2024-11-13 03:13:33 - INFO- Image Dehazed in 0.3224759101867676 seconds. Sending now
2024-11-13 03:13:34 - INFO- Recieved image from client.
2024-11-13 03:13:34 - INFO- Image Dehazed in 0.3241238594055176 seconds. Sending now
2024-11-13 03:13:34 - INFO- Recieved image from client.
2024-11-13 03:13:34 - INFO- Image Dehazed in 0.3218846321105957 seconds. Sending now
2024-11-13 03:13:36 - INFO- Recieved image from client.
2024-11-13 03:13:36 - INFO- Image Dehazed in 0.3277926445007324 seconds. Sending now
2024-11-13 03:13:36 - INFO- Recieved image from client.
2024-11-13 03:13:36 - INFO- Image Dehazed in 0.3256187438964844 seconds. Sending now
2024-11-13 03:13:37 - INFO- Recieved image from client.
2024-11-13 03:13:37 - INFO- Image Dehazed in 0.32218265533447266 seconds. Sending now
2024-11-13 03:13:37 - INFO- Recieved image from client.
2024-11-13 03:13:37 - INFO- Image Dehazed in 0.3240647315979004 seconds. Sending now
2024-11-13 03:13:38 - INFO- Recieved image from client.
2024-11-13 03:13:38 - INFO- Image Dehazed in 0.32738375663757324 seconds. Sending now
2024-11-13 03:13:38 - INFO- Recieved image from client.
2024-11-13 03:13:38 - INFO- Image Dehazed in 0.3279893398284912 seconds. Sending now
2024-11-13 03:13:39 - INFO- Recieved image from client.
2024-11-13 03:13:39 - INFO- Image Dehazed in 0.33177947998046875 seconds. Sending now
2024-11-13 03:13:39 - INFO- Recieved image from client.
2024-11-13 03:13:39 - INFO- Image Dehazed in 0.3669402599334717 seconds. Sending now
2024-11-13 03:13:41 - INFO- Recieved image from client.
2024-11-13 03:13:41 - INFO- Image Dehazed in 0.3342301845550537 seconds. Sending now
2024-11-13 03:13:41 - INFO- Recieved image from client.
2024-11-13 03:13:41 - INFO- Image Dehazed in 0.32131099700927734 seconds. Sending now
2024-11-13 03:13:42 - INFO- Recieved image from client.
2024-11-13 03:13:42 - INFO- Image Dehazed in 0.3243725299835205 seconds. Sending now
2024-11-13 03:13:42 - INFO- Recieved image from client.
2024-11-13 03:13:42 - INFO- Image Dehazed in 0.328449010848999 seconds. Sending now
2024-11-13 03:13:43 - INFO- Recieved image from client.
2024-11-13 03:13:43 - INFO- Image Dehazed in 0.3434758186340332 seconds. Sending now
2024-11-13 03:13:43 - INFO- Recieved image from client.
2024-11-13 03:13:43 - INFO- Image Dehazed in 0.37483859062194824 seconds. Sending now
2024-11-13 03:13:44 - INFO- Recieved image from client.
2024-11-13 03:13:45 - INFO- Image Dehazed in 0.34021568298339844 seconds. Sending now
2024-11-13 03:13:45 - INFO- Recieved image from client.
2024-11-13 03:13:45 - INFO- Image Dehazed in 0.34795284271240234 seconds. Sending now
2024-11-13 03:13:46 - INFO- Recieved image from client.
2024-11-13 03:13:46 - INFO- Image Dehazed in 0.35993313789367676 seconds. Sending now
2024-11-13 03:13:46 - INFO- Recieved image from client.
2024-11-13 03:13:46 - INFO- Image Dehazed in 0.32959485054016113 seconds. Sending now
2024-11-13 03:13:47 - INFO- Recieved image from client.
2024-11-13 03:13:47 - INFO- Image Dehazed in 0.3429281711578369 seconds. Sending now
2024-11-13 03:13:47 - INFO- Recieved image from client.
2024-11-13 03:13:47 - INFO- Image Dehazed in 0.34238362312316895 seconds. Sending now
2024-11-13 03:13:49 - INFO- Recieved image from client.
2024-11-13 03:13:49 - INFO- Image Dehazed in 0.38192057609558105 seconds. Sending now
2024-11-13 03:13:49 - INFO- Recieved image from client.
2024-11-13 03:13:49 - INFO- Image Dehazed in 0.4328334331512451 seconds. Sending now
2024-11-13 03:13:51 - INFO- Recieved image from client.
2024-11-13 03:13:51 - INFO- Image Dehazed in 0.35073065757751465 seconds. Sending now
2024-11-13 03:13:51 - INFO- Recieved image from client.
2024-11-13 03:13:51 - INFO- Image Dehazed in 0.3527791500091553 seconds. Sending now
2024-11-13 03:13:52 - INFO- Recieved image from client.
2024-11-13 03:13:53 - INFO- Image Dehazed in 0.39945101737976074 seconds. Sending now
2024-11-13 03:13:53 - INFO- Recieved image from client.
2024-11-13 03:13:53 - INFO- Image Dehazed in 0.424790620803833 seconds. Sending now
2024-11-13 03:13:54 - INFO- Recieved image from client.
2024-11-13 03:13:54 - INFO- Image Dehazed in 0.3495018482208252 seconds. Sending now
2024-11-13 03:13:54 - INFO- Recieved image from client.
2024-11-13 03:13:54 - INFO- Image Dehazed in 0.3421053886413574 seconds. Sending now
2024-11-13 03:13:55 - INFO- Recieved image from client.
2024-11-13 03:13:56 - INFO- Image Dehazed in 0.36026835441589355 seconds. Sending now
2024-11-13 03:13:56 - INFO- Recieved image from client.
2024-11-13 03:13:56 - INFO- Image Dehazed in 0.32581233978271484 seconds. Sending now
2024-11-13 03:13:57 - INFO- Recieved image from client.
2024-11-13 03:13:58 - INFO- Image Dehazed in 0.3309776782989502 seconds. Sending now
2024-11-13 03:13:58 - INFO- Recieved image from client.
2024-11-13 03:13:58 - INFO- Image Dehazed in 0.32280731201171875 seconds. Sending now
2024-11-13 03:13:58 - INFO- Recieved image from client.
2024-11-13 03:13:59 - INFO- Image Dehazed in 0.3373594284057617 seconds. Sending now
2024-11-13 03:13:59 - INFO- Recieved image from client.
2024-11-13 03:13:59 - INFO- Image Dehazed in 0.32627248764038086 seconds. Sending now
2024-11-13 03:14:00 - INFO- Recieved image from client.
2024-11-13 03:14:00 - INFO- Image Dehazed in 0.3785860538482666 seconds. Sending now
2024-11-13 03:14:00 - INFO- Recieved image from client.
2024-11-13 03:14:00 - INFO- Image Dehazed in 0.3289928436279297 seconds. Sending now
2024-11-13 03:14:01 - INFO- Recieved image from client.
2024-11-13 03:14:02 - INFO- Image Dehazed in 0.33433008193969727 seconds. Sending now
2024-11-13 03:14:02 - INFO- Recieved image from client.
2024-11-13 03:14:02 - INFO- Image Dehazed in 0.324631929397583 seconds. Sending now
2024-11-13 03:14:03 - INFO- Recieved image from client.
2024-11-13 03:14:03 - INFO- Image Dehazed in 0.35720205307006836 seconds. Sending now
2024-11-13 03:14:03 - INFO- Recieved image from client.
2024-11-13 03:14:03 - INFO- Image Dehazed in 0.32825231552124023 seconds. Sending now
2024-11-13 03:14:04 - INFO- Recieved image from client.
2024-11-13 03:14:04 - INFO- Image Dehazed in 0.33832764625549316 seconds. Sending now
2024-11-13 03:14:04 - INFO- Recieved image from client.
2024-11-13 03:14:04 - INFO- Image Dehazed in 0.34038853645324707 seconds. Sending now
2024-11-13 03:14:06 - INFO- Recieved image from client.
2024-11-13 03:14:06 - INFO- Image Dehazed in 0.3407142162322998 seconds. Sending now
2024-11-13 03:14:06 - INFO- Recieved image from client.
2024-11-13 03:14:06 - INFO- Image Dehazed in 0.3266162872314453 seconds. Sending now
2024-11-13 03:14:07 - INFO- Recieved image from client.
2024-11-13 03:14:07 - INFO- Image Dehazed in 0.32894206047058105 seconds. Sending now
2024-11-13 03:14:07 - INFO- Recieved image from client.
2024-11-13 03:14:07 - INFO- Image Dehazed in 0.3452639579772949 seconds. Sending now
2024-11-13 03:14:08 - INFO- Recieved image from client.
2024-11-13 03:14:08 - INFO- Image Dehazed in 0.3541128635406494 seconds. Sending now
2024-11-13 03:14:08 - INFO- Recieved image from client.
2024-11-13 03:14:09 - INFO- Image Dehazed in 0.3423311710357666 seconds. Sending now
2024-11-13 03:14:09 - INFO- Recieved image from client.
2024-11-13 03:14:09 - INFO- Image Dehazed in 0.3389167785644531 seconds. Sending now
2024-11-13 03:14:09 - INFO- Recieved image from client.
2024-11-13 03:14:10 - INFO- Image Dehazed in 0.3363766670227051 seconds. Sending now
2024-11-13 03:14:11 - INFO- Recieved image from client.
2024-11-13 03:14:11 - INFO- Image Dehazed in 0.35840463638305664 seconds. Sending now
2024-11-13 03:14:11 - INFO- Recieved image from client.
2024-11-13 03:14:12 - INFO- Image Dehazed in 0.3415567874908447 seconds. Sending now
2024-11-13 03:14:12 - INFO- Recieved image from client.
2024-11-13 03:14:12 - INFO- Image Dehazed in 0.33002805709838867 seconds. Sending now
2024-11-13 03:14:12 - INFO- Recieved image from client.
2024-11-13 03:14:13 - INFO- Image Dehazed in 0.3373143672943115 seconds. Sending now
2024-11-13 03:14:13 - INFO- Recieved image from client.
2024-11-13 03:14:13 - INFO- Image Dehazed in 0.3761920928955078 seconds. Sending now
2024-11-13 03:14:13 - INFO- Recieved image from client.
2024-11-13 03:14:14 - INFO- Image Dehazed in 0.3640711307525635 seconds. Sending now
2024-11-13 03:14:15 - INFO- Recieved image from client.
2024-11-13 03:14:15 - INFO- Image Dehazed in 0.3587687015533447 seconds. Sending now
2024-11-13 03:14:15 - INFO- Recieved image from client.
2024-11-13 03:14:16 - INFO- Image Dehazed in 0.32675957679748535 seconds. Sending now
2024-11-13 03:14:16 - INFO- Recieved image from client.
2024-11-13 03:14:16 - INFO- Image Dehazed in 0.32725048065185547 seconds. Sending now
2024-11-13 03:14:16 - INFO- Recieved image from client.
2024-11-13 03:14:17 - INFO- Image Dehazed in 0.3261382579803467 seconds. Sending now
2024-11-13 03:14:18 - INFO- Recieved image from client.
2024-11-13 03:14:18 - INFO- Image Dehazed in 0.3323793411254883 seconds. Sending now
2024-11-13 03:14:18 - INFO- Recieved image from client.
2024-11-13 03:14:19 - INFO- Image Dehazed in 0.33108973503112793 seconds. Sending now
2024-11-13 03:14:19 - INFO- Recieved image from client.
2024-11-13 03:14:19 - INFO- Image Dehazed in 0.3367016315460205 seconds. Sending now
2024-11-13 03:14:20 - INFO- Recieved image from client.
2024-11-13 03:14:20 - INFO- Image Dehazed in 0.33230066299438477 seconds. Sending now
2024-11-13 03:14:20 - INFO- Recieved image from client.
2024-11-13 03:14:20 - INFO- Image Dehazed in 0.3393707275390625 seconds. Sending now
2024-11-13 03:14:21 - INFO- Recieved image from client.
2024-11-13 03:14:22 - INFO- Image Dehazed in 0.33990907669067383 seconds. Sending now
2024-11-13 03:14:22 - INFO- Recieved image from client.
2024-11-13 03:14:22 - INFO- Image Dehazed in 0.33733224868774414 seconds. Sending now
2024-11-13 03:14:22 - INFO- Recieved image from client.
2024-11-13 03:14:23 - INFO- Image Dehazed in 0.3679530620574951 seconds. Sending now
2024-11-13 03:14:23 - INFO- Recieved image from client.
2024-11-13 03:14:23 - INFO- Image Dehazed in 0.3259902000427246 seconds. Sending now
2024-11-13 03:14:24 - INFO- Recieved image from client.
2024-11-13 03:14:24 - INFO- Image Dehazed in 0.36725449562072754 seconds. Sending now
2024-11-13 03:14:24 - INFO- Recieved image from client.
2024-11-13 03:14:24 - INFO- Image Dehazed in 0.361583948135376 seconds. Sending now
2024-11-13 03:14:25 - INFO- Recieved image from client.
2024-11-13 03:14:25 - INFO- Image Dehazed in 0.3424415588378906 seconds. Sending now
2024-11-13 03:14:25 - INFO- Recieved image from client.
2024-11-13 03:14:25 - INFO- Image Dehazed in 0.3284881114959717 seconds. Sending now
2024-11-13 03:14:27 - INFO- Recieved image from client.
2024-11-13 03:14:27 - INFO- Image Dehazed in 0.33361220359802246 seconds. Sending now
2024-11-13 03:14:27 - INFO- Recieved image from client.
2024-11-13 03:14:27 - INFO- Image Dehazed in 0.32651710510253906 seconds. Sending now
2024-11-13 03:14:28 - INFO- Recieved image from client.
2024-11-13 03:14:29 - INFO- Image Dehazed in 0.3305013179779053 seconds. Sending now
2024-11-13 03:14:29 - INFO- Recieved image from client.
2024-11-13 03:14:29 - INFO- Image Dehazed in 0.32825183868408203 seconds. Sending now
2024-11-13 03:14:29 - INFO- Recieved image from client.
2024-11-13 03:14:30 - INFO- Image Dehazed in 0.3378446102142334 seconds. Sending now
2024-11-13 03:14:30 - INFO- Recieved image from client.
2024-11-13 03:14:30 - INFO- Image Dehazed in 0.3230752944946289 seconds. Sending now
2024-11-13 03:14:30 - INFO- Recieved image from client.
2024-11-13 03:14:31 - INFO- Image Dehazed in 0.3526608943939209 seconds. Sending now
2024-11-13 03:14:31 - INFO- Recieved image from client.
2024-11-13 03:14:31 - INFO- Image Dehazed in 0.32832884788513184 seconds. Sending now
2024-11-13 03:14:32 - INFO- Recieved image from client.
2024-11-13 03:14:33 - INFO- Image Dehazed in 0.328594446182251 seconds. Sending now
2024-11-13 03:14:33 - INFO- Recieved image from client.
2024-11-13 03:14:33 - INFO- Image Dehazed in 0.32369279861450195 seconds. Sending now
2024-11-13 03:14:33 - INFO- Recieved image from client.
2024-11-13 03:14:34 - INFO- Image Dehazed in 0.3424875736236572 seconds. Sending now
2024-11-13 03:14:34 - INFO- Recieved image from client.
2024-11-13 03:14:34 - INFO- Image Dehazed in 0.3255465030670166 seconds. Sending now
2024-11-13 03:14:34 - INFO- Recieved image from client.
2024-11-13 03:14:35 - INFO- Image Dehazed in 0.35074853897094727 seconds. Sending now
2024-11-13 03:14:35 - INFO- Recieved image from client.
2024-11-13 03:14:35 - INFO- Image Dehazed in 0.3394656181335449 seconds. Sending now
2024-11-13 03:14:36 - INFO- Recieved image from client.
2024-11-13 03:14:37 - INFO- Image Dehazed in 0.33539390563964844 seconds. Sending now
2024-11-13 03:14:37 - INFO- Recieved image from client.
2024-11-13 03:14:37 - INFO- Image Dehazed in 0.3303556442260742 seconds. Sending now
2024-11-13 03:14:38 - INFO- Recieved image from client.
2024-11-13 03:14:38 - INFO- Image Dehazed in 0.3278501033782959 seconds. Sending now
2024-11-13 03:14:38 - INFO- Recieved image from client.
2024-11-13 03:14:39 - INFO- Image Dehazed in 0.3327038288116455 seconds. Sending now
2024-11-13 03:14:39 - INFO- Recieved image from client.
2024-11-13 03:14:40 - INFO- Image Dehazed in 0.3352324962615967 seconds. Sending now
2024-11-13 03:14:40 - INFO- Recieved image from client.
2024-11-13 03:14:40 - INFO- Image Dehazed in 0.3292415142059326 seconds. Sending now
2024-11-13 03:14:41 - INFO- Recieved image from client.
2024-11-13 03:14:41 - INFO- Image Dehazed in 0.3321857452392578 seconds. Sending now
2024-11-13 03:14:41 - INFO- Recieved image from client.
2024-11-13 03:14:41 - INFO- Image Dehazed in 0.343217134475708 seconds. Sending now
2024-11-13 03:14:43 - INFO- Recieved image from client.
2024-11-13 03:14:43 - INFO- Image Dehazed in 0.33867597579956055 seconds. Sending now
2024-11-13 03:14:43 - INFO- Recieved image from client.
2024-11-13 03:14:43 - INFO- Image Dehazed in 0.33081912994384766 seconds. Sending now
2024-11-13 03:14:44 - INFO- Recieved image from client.
2024-11-13 03:14:45 - INFO- Image Dehazed in 0.3836688995361328 seconds. Sending now
2024-11-13 03:14:45 - INFO- Recieved image from client.
2024-11-13 03:14:45 - INFO- Image Dehazed in 0.3796961307525635 seconds. Sending now
2024-11-13 03:14:45 - INFO- Recieved image from client.
2024-11-13 03:14:46 - INFO- Image Dehazed in 0.37519192695617676 seconds. Sending now
2024-11-13 03:14:47 - INFO- Recieved image from client.
2024-11-13 03:14:47 - INFO- Image Dehazed in 0.35698366165161133 seconds. Sending now
2024-11-13 03:14:47 - INFO- Recieved image from client.
2024-11-13 03:14:48 - INFO- Image Dehazed in 0.3451509475708008 seconds. Sending now
2024-11-13 03:14:49 - INFO- Recieved image from client.
2024-11-13 03:14:49 - INFO- Image Dehazed in 0.3456857204437256 seconds. Sending now
2024-11-13 03:14:49 - INFO- Recieved image from client.
2024-11-13 03:14:50 - INFO- Image Dehazed in 0.3343815803527832 seconds. Sending now
2024-11-13 03:14:51 - INFO- Recieved image from client.
2024-11-13 03:14:51 - INFO- Image Dehazed in 0.34455275535583496 seconds. Sending now
2024-11-13 03:14:51 - INFO- Recieved image from client.
2024-11-13 03:14:52 - INFO- Image Dehazed in 0.33335447311401367 seconds. Sending now
2024-11-13 03:14:53 - INFO- Recieved image from client.
2024-11-13 03:14:53 - INFO- Image Dehazed in 0.35707783699035645 seconds. Sending now
2024-11-13 03:14:53 - INFO- Recieved image from client.
2024-11-13 03:14:53 - INFO- Image Dehazed in 0.36237382888793945 seconds. Sending now
2024-11-13 03:14:55 - INFO- Recieved image from client.
2024-11-13 03:14:55 - INFO- Image Dehazed in 0.40109729766845703 seconds. Sending now
2024-11-13 03:14:55 - INFO- Recieved image from client.
2024-11-13 03:14:56 - INFO- Image Dehazed in 0.4104454517364502 seconds. Sending now
2024-11-13 03:14:56 - INFO- Recieved image from client.
2024-11-13 03:14:56 - INFO- Image Dehazed in 0.37241244316101074 seconds. Sending now
2024-11-13 03:14:56 - INFO- Recieved image from client.
2024-11-13 03:14:57 - INFO- Image Dehazed in 0.3863191604614258 seconds. Sending now
2024-11-13 03:14:57 - INFO- Recieved image from client.
2024-11-13 03:14:57 - INFO- Image Dehazed in 0.3650233745574951 seconds. Sending now
2024-11-13 03:14:57 - INFO- Recieved image from client.
2024-11-13 03:14:58 - INFO- Image Dehazed in 0.35840725898742676 seconds. Sending now
2024-11-13 03:14:59 - INFO- Recieved image from client.
2024-11-13 03:14:59 - INFO- Image Dehazed in 0.34382200241088867 seconds. Sending now
